2013/03/08 18:28:32 [error] [php] Undefined variable: flotaid (C:\wamp\www\proj\protected\controllers\FlotaController.php:182)
Stack trace:
#0 C:\Yii\framework\web\filters\CFilterChain.php(133): FlotaController->runAction()
#1 C:\Yii\framework\web\CController.php(291): CFilterChain->run()
#2 C:\Yii\framework\web\CController.php(265): FlotaController->runActionWithFilters()
#3 C:\Yii\framework\web\CWebApplication.php(282): FlotaController->run()
#4 C:\Yii\framework\web\CWebApplication.php(141): CWebApplication->runController()
#5 C:\Yii\framework\base\CApplication.php(169): CWebApplication->processRequest()
#6 C:\wamp\www\proj\index.php(13): CWebApplication->run()
REQUEST_URI=/proj/index.php?r=Flota/GetFlotaByMat
in C:\wamp\www\proj\protected\controllers\FlotaController.php (182)
in C:\wamp\www\proj\index.php (13)
2013/03/08 18:29:48 [error] [php] Undefined variable: flotaid (C:\wamp\www\proj\protected\controllers\FlotaController.php:182)
Stack trace:
#0 C:\Yii\framework\web\filters\CFilterChain.php(133): FlotaController->runAction()
#1 C:\Yii\framework\web\CController.php(291): CFilterChain->run()
#2 C:\Yii\framework\web\CController.php(265): FlotaController->runActionWithFilters()
#3 C:\Yii\framework\web\CWebApplication.php(282): FlotaController->run()
#4 C:\Yii\framework\web\CWebApplication.php(141): CWebApplication->runController()
#5 C:\Yii\framework\base\CApplication.php(169): CWebApplication->processRequest()
#6 C:\wamp\www\proj\index.php(13): CWebApplication->run()
REQUEST_URI=/proj/index.php?r=Flota/GetFlotaByMat
in C:\wamp\www\proj\protected\controllers\FlotaController.php (182)
in C:\wamp\www\proj\index.php (13)
2013/03/08 18:31:33 [error] [php] Undefined variable: flotaid (C:\wamp\www\proj\protected\controllers\FlotaController.php:182)
Stack trace:
#0 C:\Yii\framework\web\filters\CFilterChain.php(133): FlotaController->runAction()
#1 C:\Yii\framework\web\CController.php(291): CFilterChain->run()
#2 C:\Yii\framework\web\CController.php(265): FlotaController->runActionWithFilters()
#3 C:\Yii\framework\web\CWebApplication.php(282): FlotaController->run()
#4 C:\Yii\framework\web\CWebApplication.php(141): CWebApplication->runController()
#5 C:\Yii\framework\base\CApplication.php(169): CWebApplication->processRequest()
#6 C:\wamp\www\proj\index.php(13): CWebApplication->run()
REQUEST_URI=/proj/index.php?r=Flota/GetFlotaByMat
in C:\wamp\www\proj\protected\controllers\FlotaController.php (182)
in C:\wamp\www\proj\index.php (13)
2013/03/08 18:32:48 [error] [php] Undefined variable: flotaid (C:\wamp\www\proj\protected\controllers\FlotaController.php:182)
Stack trace:
#0 C:\Yii\framework\web\filters\CFilterChain.php(133): FlotaController->runAction()
#1 C:\Yii\framework\web\CController.php(291): CFilterChain->run()
#2 C:\Yii\framework\web\CController.php(265): FlotaController->runActionWithFilters()
#3 C:\Yii\framework\web\CWebApplication.php(282): FlotaController->run()
#4 C:\Yii\framework\web\CWebApplication.php(141): CWebApplication->runController()
#5 C:\Yii\framework\base\CApplication.php(169): CWebApplication->processRequest()
#6 C:\wamp\www\proj\index.php(13): CWebApplication->run()
REQUEST_URI=/proj/index.php?r=Flota/GetFlotaByMat
in C:\wamp\www\proj\protected\controllers\FlotaController.php (182)
in C:\wamp\www\proj\index.php (13)
2013/03/08 18:35:06 [error] [php] Undefined variable: flotaid (C:\wamp\www\proj\protected\controllers\FlotaController.php:182)
Stack trace:
#0 C:\Yii\framework\web\filters\CFilterChain.php(133): FlotaController->runAction()
#1 C:\Yii\framework\web\CController.php(291): CFilterChain->run()
#2 C:\Yii\framework\web\CController.php(265): FlotaController->runActionWithFilters()
#3 C:\Yii\framework\web\CWebApplication.php(282): FlotaController->run()
#4 C:\Yii\framework\web\CWebApplication.php(141): CWebApplication->runController()
#5 C:\Yii\framework\base\CApplication.php(169): CWebApplication->processRequest()
#6 C:\wamp\www\proj\index.php(13): CWebApplication->run()
REQUEST_URI=/proj/index.php?r=Flota/GetFlotaByMat
in C:\wamp\www\proj\protected\controllers\FlotaController.php (182)
in C:\wamp\www\proj\index.php (13)
2013/03/08 18:35:37 [error] [php] Undefined variable: flotaid (C:\wamp\www\proj\protected\controllers\FlotaController.php:182)
Stack trace:
#0 C:\Yii\framework\web\filters\CFilterChain.php(133): FlotaController->runAction()
#1 C:\Yii\framework\web\CController.php(291): CFilterChain->run()
#2 C:\Yii\framework\web\CController.php(265): FlotaController->runActionWithFilters()
#3 C:\Yii\framework\web\CWebApplication.php(282): FlotaController->run()
#4 C:\Yii\framework\web\CWebApplication.php(141): CWebApplication->runController()
#5 C:\Yii\framework\base\CApplication.php(169): CWebApplication->processRequest()
#6 C:\wamp\www\proj\index.php(13): CWebApplication->run()
REQUEST_URI=/proj/index.php?r=Flota/GetFlotaByMat
in C:\wamp\www\proj\protected\controllers\FlotaController.php (182)
in C:\wamp\www\proj\index.php (13)
2013/03/08 18:36:01 [error] [php] Undefined variable: flotaid (C:\wamp\www\proj\protected\controllers\FlotaController.php:182)
Stack trace:
#0 C:\Yii\framework\web\filters\CFilterChain.php(133): FlotaController->runAction()
#1 C:\Yii\framework\web\CController.php(291): CFilterChain->run()
#2 C:\Yii\framework\web\CController.php(265): FlotaController->runActionWithFilters()
#3 C:\Yii\framework\web\CWebApplication.php(282): FlotaController->run()
#4 C:\Yii\framework\web\CWebApplication.php(141): CWebApplication->runController()
#5 C:\Yii\framework\base\CApplication.php(169): CWebApplication->processRequest()
#6 C:\wamp\www\proj\index.php(13): CWebApplication->run()
REQUEST_URI=/proj/index.php?r=Flota/GetFlotaByMat
in C:\wamp\www\proj\protected\controllers\FlotaController.php (182)
in C:\wamp\www\proj\index.php (13)
2013/03/08 18:37:57 [error] [php] Undefined variable: flotaid (C:\wamp\www\proj\protected\controllers\FlotaController.php:182)
Stack trace:
#0 C:\Yii\framework\web\filters\CFilterChain.php(133): FlotaController->runAction()
#1 C:\Yii\framework\web\CController.php(291): CFilterChain->run()
#2 C:\Yii\framework\web\CController.php(265): FlotaController->runActionWithFilters()
#3 C:\Yii\framework\web\CWebApplication.php(282): FlotaController->run()
#4 C:\Yii\framework\web\CWebApplication.php(141): CWebApplication->runController()
#5 C:\Yii\framework\base\CApplication.php(169): CWebApplication->processRequest()
#6 C:\wamp\www\proj\index.php(13): CWebApplication->run()
REQUEST_URI=/proj/index.php?r=Flota/GetFlotaByMat
in C:\wamp\www\proj\protected\controllers\FlotaController.php (182)
in C:\wamp\www\proj\index.php (13)
2013/03/08 18:38:25 [error] [php] Undefined variable: flotaid (C:\wamp\www\proj\protected\controllers\FlotaController.php:182)
Stack trace:
#0 C:\Yii\framework\web\filters\CFilterChain.php(133): FlotaController->runAction()
#1 C:\Yii\framework\web\CController.php(291): CFilterChain->run()
#2 C:\Yii\framework\web\CController.php(265): FlotaController->runActionWithFilters()
#3 C:\Yii\framework\web\CWebApplication.php(282): FlotaController->run()
#4 C:\Yii\framework\web\CWebApplication.php(141): CWebApplication->runController()
#5 C:\Yii\framework\base\CApplication.php(169): CWebApplication->processRequest()
#6 C:\wamp\www\proj\index.php(13): CWebApplication->run()
REQUEST_URI=/proj/index.php?r=Flota/GetFlotaByMat
in C:\wamp\www\proj\protected\controllers\FlotaController.php (182)
in C:\wamp\www\proj\index.php (13)
2013/03/08 18:38:54 [error] [php] Undefined variable: flotaid (C:\wamp\www\proj\protected\controllers\FlotaController.php:182)
Stack trace:
#0 C:\Yii\framework\web\filters\CFilterChain.php(133): FlotaController->runAction()
#1 C:\Yii\framework\web\CController.php(291): CFilterChain->run()
#2 C:\Yii\framework\web\CController.php(265): FlotaController->runActionWithFilters()
#3 C:\Yii\framework\web\CWebApplication.php(282): FlotaController->run()
#4 C:\Yii\framework\web\CWebApplication.php(141): CWebApplication->runController()
#5 C:\Yii\framework\base\CApplication.php(169): CWebApplication->processRequest()
#6 C:\wamp\www\proj\index.php(13): CWebApplication->run()
REQUEST_URI=/proj/index.php?r=Flota/GetFlotaByMat
in C:\wamp\www\proj\protected\controllers\FlotaController.php (182)
in C:\wamp\www\proj\index.php (13)
2013/03/08 18:39:35 [error] [php] Undefined variable: flotaid (C:\wamp\www\proj\protected\controllers\FlotaController.php:182)
Stack trace:
#0 C:\Yii\framework\web\filters\CFilterChain.php(133): FlotaController->runAction()
#1 C:\Yii\framework\web\CController.php(291): CFilterChain->run()
#2 C:\Yii\framework\web\CController.php(265): FlotaController->runActionWithFilters()
#3 C:\Yii\framework\web\CWebApplication.php(282): FlotaController->run()
#4 C:\Yii\framework\web\CWebApplication.php(141): CWebApplication->runController()
#5 C:\Yii\framework\base\CApplication.php(169): CWebApplication->processRequest()
#6 C:\wamp\www\proj\index.php(13): CWebApplication->run()
REQUEST_URI=/proj/index.php?r=Flota/GetFlotaByMat
in C:\wamp\www\proj\protected\controllers\FlotaController.php (182)
in C:\wamp\www\proj\index.php (13)
2013/03/08 18:39:43 [error] [php] Undefined variable: flotaid (C:\wamp\www\proj\protected\controllers\FlotaController.php:182)
Stack trace:
#0 C:\Yii\framework\web\filters\CFilterChain.php(133): FlotaController->runAction()
#1 C:\Yii\framework\web\CController.php(291): CFilterChain->run()
#2 C:\Yii\framework\web\CController.php(265): FlotaController->runActionWithFilters()
#3 C:\Yii\framework\web\CWebApplication.php(282): FlotaController->run()
#4 C:\Yii\framework\web\CWebApplication.php(141): CWebApplication->runController()
#5 C:\Yii\framework\base\CApplication.php(169): CWebApplication->processRequest()
#6 C:\wamp\www\proj\index.php(13): CWebApplication->run()
REQUEST_URI=/proj/index.php?r=Flota/GetFlotaByMat
in C:\wamp\www\proj\protected\controllers\FlotaController.php (182)
in C:\wamp\www\proj\index.php (13)
2013/03/08 18:40:47 [error] [php] Undefined variable: flotaid (C:\wamp\www\proj\protected\controllers\FlotaController.php:182)
Stack trace:
#0 C:\Yii\framework\web\filters\CFilterChain.php(133): FlotaController->runAction()
#1 C:\Yii\framework\web\CController.php(291): CFilterChain->run()
#2 C:\Yii\framework\web\CController.php(265): FlotaController->runActionWithFilters()
#3 C:\Yii\framework\web\CWebApplication.php(282): FlotaController->run()
#4 C:\Yii\framework\web\CWebApplication.php(141): CWebApplication->runController()
#5 C:\Yii\framework\base\CApplication.php(169): CWebApplication->processRequest()
#6 C:\wamp\www\proj\index.php(13): CWebApplication->run()
REQUEST_URI=/proj/index.php?r=Flota/GetFlotaByMat
in C:\wamp\www\proj\protected\controllers\FlotaController.php (182)
in C:\wamp\www\proj\index.php (13)
2013/03/08 18:41:05 [error] [php] Undefined variable: flotaid (C:\wamp\www\proj\protected\controllers\FlotaController.php:182)
Stack trace:
#0 C:\Yii\framework\web\filters\CFilterChain.php(133): FlotaController->runAction()
#1 C:\Yii\framework\web\CController.php(291): CFilterChain->run()
#2 C:\Yii\framework\web\CController.php(265): FlotaController->runActionWithFilters()
#3 C:\Yii\framework\web\CWebApplication.php(282): FlotaController->run()
#4 C:\Yii\framework\web\CWebApplication.php(141): CWebApplication->runController()
#5 C:\Yii\framework\base\CApplication.php(169): CWebApplication->processRequest()
#6 C:\wamp\www\proj\index.php(13): CWebApplication->run()
REQUEST_URI=/proj/index.php?r=Flota/GetFlotaByMat
in C:\wamp\www\proj\protected\controllers\FlotaController.php (182)
in C:\wamp\www\proj\index.php (13)
2013/03/08 18:41:31 [error] [php] Undefined variable: flotaid (C:\wamp\www\proj\protected\controllers\FlotaController.php:182)
Stack trace:
#0 C:\Yii\framework\web\filters\CFilterChain.php(133): FlotaController->runAction()
#1 C:\Yii\framework\web\CController.php(291): CFilterChain->run()
#2 C:\Yii\framework\web\CController.php(265): FlotaController->runActionWithFilters()
#3 C:\Yii\framework\web\CWebApplication.php(282): FlotaController->run()
#4 C:\Yii\framework\web\CWebApplication.php(141): CWebApplication->runController()
#5 C:\Yii\framework\base\CApplication.php(169): CWebApplication->processRequest()
#6 C:\wamp\www\proj\index.php(13): CWebApplication->run()
REQUEST_URI=/proj/index.php?r=Flota/GetFlotaByMat
in C:\wamp\www\proj\protected\controllers\FlotaController.php (182)
in C:\wamp\www\proj\index.php (13)
2013/03/08 18:42:25 [error] [php] Undefined variable: flotaid (C:\wamp\www\proj\protected\controllers\FlotaController.php:182)
Stack trace:
#0 C:\Yii\framework\web\filters\CFilterChain.php(133): FlotaController->runAction()
#1 C:\Yii\framework\web\CController.php(291): CFilterChain->run()
#2 C:\Yii\framework\web\CController.php(265): FlotaController->runActionWithFilters()
#3 C:\Yii\framework\web\CWebApplication.php(282): FlotaController->run()
#4 C:\Yii\framework\web\CWebApplication.php(141): CWebApplication->runController()
#5 C:\Yii\framework\base\CApplication.php(169): CWebApplication->processRequest()
#6 C:\wamp\www\proj\index.php(13): CWebApplication->run()
REQUEST_URI=/proj/index.php?r=Flota/GetFlotaByMat
in C:\wamp\www\proj\protected\controllers\FlotaController.php (182)
in C:\wamp\www\proj\index.php (13)
2013/03/08 18:42:48 [error] [php] Undefined variable: flotaid (C:\wamp\www\proj\protected\controllers\FlotaController.php:182)
Stack trace:
#0 C:\Yii\framework\web\filters\CFilterChain.php(133): FlotaController->runAction()
#1 C:\Yii\framework\web\CController.php(291): CFilterChain->run()
#2 C:\Yii\framework\web\CController.php(265): FlotaController->runActionWithFilters()
#3 C:\Yii\framework\web\CWebApplication.php(282): FlotaController->run()
#4 C:\Yii\framework\web\CWebApplication.php(141): CWebApplication->runController()
#5 C:\Yii\framework\base\CApplication.php(169): CWebApplication->processRequest()
#6 C:\wamp\www\proj\index.php(13): CWebApplication->run()
REQUEST_URI=/proj/index.php?r=Flota/GetFlotaByMat
in C:\wamp\www\proj\protected\controllers\FlotaController.php (182)
in C:\wamp\www\proj\index.php (13)
2013/03/08 18:43:26 [error] [php] Undefined variable: flotaid (C:\wamp\www\proj\protected\controllers\FlotaController.php:182)
Stack trace:
#0 C:\Yii\framework\web\filters\CFilterChain.php(133): FlotaController->runAction()
#1 C:\Yii\framework\web\CController.php(291): CFilterChain->run()
#2 C:\Yii\framework\web\CController.php(265): FlotaController->runActionWithFilters()
#3 C:\Yii\framework\web\CWebApplication.php(282): FlotaController->run()
#4 C:\Yii\framework\web\CWebApplication.php(141): CWebApplication->runController()
#5 C:\Yii\framework\base\CApplication.php(169): CWebApplication->processRequest()
#6 C:\wamp\www\proj\index.php(13): CWebApplication->run()
REQUEST_URI=/proj/index.php?r=Flota/GetFlotaByMat
in C:\wamp\www\proj\protected\controllers\FlotaController.php (182)
in C:\wamp\www\proj\index.php (13)
2013/03/08 18:43:40 [error] [php] Undefined variable: flotaid (C:\wamp\www\proj\protected\controllers\FlotaController.php:182)
Stack trace:
#0 C:\Yii\framework\web\filters\CFilterChain.php(133): FlotaController->runAction()
#1 C:\Yii\framework\web\CController.php(291): CFilterChain->run()
#2 C:\Yii\framework\web\CController.php(265): FlotaController->runActionWithFilters()
#3 C:\Yii\framework\web\CWebApplication.php(282): FlotaController->run()
#4 C:\Yii\framework\web\CWebApplication.php(141): CWebApplication->runController()
#5 C:\Yii\framework\base\CApplication.php(169): CWebApplication->processRequest()
#6 C:\wamp\www\proj\index.php(13): CWebApplication->run()
REQUEST_URI=/proj/index.php?r=Flota/GetFlotaByMat
in C:\wamp\www\proj\protected\controllers\FlotaController.php (182)
in C:\wamp\www\proj\index.php (13)
2013/03/08 18:43:50 [error] [php] Undefined variable: flotaid (C:\wamp\www\proj\protected\controllers\FlotaController.php:182)
Stack trace:
#0 C:\Yii\framework\web\filters\CFilterChain.php(133): FlotaController->runAction()
#1 C:\Yii\framework\web\CController.php(291): CFilterChain->run()
#2 C:\Yii\framework\web\CController.php(265): FlotaController->runActionWithFilters()
#3 C:\Yii\framework\web\CWebApplication.php(282): FlotaController->run()
#4 C:\Yii\framework\web\CWebApplication.php(141): CWebApplication->runController()
#5 C:\Yii\framework\base\CApplication.php(169): CWebApplication->processRequest()
#6 C:\wamp\www\proj\index.php(13): CWebApplication->run()
REQUEST_URI=/proj/index.php?r=Flota/GetFlotaByMat
in C:\wamp\www\proj\protected\controllers\FlotaController.php (182)
in C:\wamp\www\proj\index.php (13)
2013/03/08 18:44:04 [error] [php] Undefined variable: flotaid (C:\wamp\www\proj\protected\controllers\FlotaController.php:182)
Stack trace:
#0 C:\Yii\framework\web\filters\CFilterChain.php(133): FlotaController->runAction()
#1 C:\Yii\framework\web\CController.php(291): CFilterChain->run()
#2 C:\Yii\framework\web\CController.php(265): FlotaController->runActionWithFilters()
#3 C:\Yii\framework\web\CWebApplication.php(282): FlotaController->run()
#4 C:\Yii\framework\web\CWebApplication.php(141): CWebApplication->runController()
#5 C:\Yii\framework\base\CApplication.php(169): CWebApplication->processRequest()
#6 C:\wamp\www\proj\index.php(13): CWebApplication->run()
REQUEST_URI=/proj/index.php?r=Flota/GetFlotaByMat
in C:\wamp\www\proj\protected\controllers\FlotaController.php (182)
in C:\wamp\www\proj\index.php (13)
2013/03/08 18:44:11 [error] [php] Undefined variable: flotaid (C:\wamp\www\proj\protected\controllers\FlotaController.php:182)
Stack trace:
#0 C:\Yii\framework\web\filters\CFilterChain.php(133): FlotaController->runAction()
#1 C:\Yii\framework\web\CController.php(291): CFilterChain->run()
#2 C:\Yii\framework\web\CController.php(265): FlotaController->runActionWithFilters()
#3 C:\Yii\framework\web\CWebApplication.php(282): FlotaController->run()
#4 C:\Yii\framework\web\CWebApplication.php(141): CWebApplication->runController()
#5 C:\Yii\framework\base\CApplication.php(169): CWebApplication->processRequest()
#6 C:\wamp\www\proj\index.php(13): CWebApplication->run()
REQUEST_URI=/proj/index.php?r=Flota/GetFlotaByMat
in C:\wamp\www\proj\protected\controllers\FlotaController.php (182)
in C:\wamp\www\proj\index.php (13)
2013/03/08 18:45:18 [error] [php] Undefined variable: flotaid (C:\wamp\www\proj\protected\controllers\FlotaController.php:182)
Stack trace:
#0 C:\Yii\framework\web\filters\CFilterChain.php(133): FlotaController->runAction()
#1 C:\Yii\framework\web\CController.php(291): CFilterChain->run()
#2 C:\Yii\framework\web\CController.php(265): FlotaController->runActionWithFilters()
#3 C:\Yii\framework\web\CWebApplication.php(282): FlotaController->run()
#4 C:\Yii\framework\web\CWebApplication.php(141): CWebApplication->runController()
#5 C:\Yii\framework\base\CApplication.php(169): CWebApplication->processRequest()
#6 C:\wamp\www\proj\index.php(13): CWebApplication->run()
REQUEST_URI=/proj/index.php?r=Flota/GetFlotaByMat
in C:\wamp\www\proj\protected\controllers\FlotaController.php (182)
in C:\wamp\www\proj\index.php (13)
2013/03/08 18:45:25 [error] [php] Undefined variable: flotaid (C:\wamp\www\proj\protected\controllers\FlotaController.php:182)
Stack trace:
#0 C:\Yii\framework\web\filters\CFilterChain.php(133): FlotaController->runAction()
#1 C:\Yii\framework\web\CController.php(291): CFilterChain->run()
#2 C:\Yii\framework\web\CController.php(265): FlotaController->runActionWithFilters()
#3 C:\Yii\framework\web\CWebApplication.php(282): FlotaController->run()
#4 C:\Yii\framework\web\CWebApplication.php(141): CWebApplication->runController()
#5 C:\Yii\framework\base\CApplication.php(169): CWebApplication->processRequest()
#6 C:\wamp\www\proj\index.php(13): CWebApplication->run()
REQUEST_URI=/proj/index.php?r=Flota/GetFlotaByMat
in C:\wamp\www\proj\protected\controllers\FlotaController.php (182)
in C:\wamp\www\proj\index.php (13)
2013/03/08 18:45:32 [error] [php] Undefined variable: flotaid (C:\wamp\www\proj\protected\controllers\FlotaController.php:182)
Stack trace:
#0 C:\Yii\framework\web\filters\CFilterChain.php(133): FlotaController->runAction()
#1 C:\Yii\framework\web\CController.php(291): CFilterChain->run()
#2 C:\Yii\framework\web\CController.php(265): FlotaController->runActionWithFilters()
#3 C:\Yii\framework\web\CWebApplication.php(282): FlotaController->run()
#4 C:\Yii\framework\web\CWebApplication.php(141): CWebApplication->runController()
#5 C:\Yii\framework\base\CApplication.php(169): CWebApplication->processRequest()
#6 C:\wamp\www\proj\index.php(13): CWebApplication->run()
REQUEST_URI=/proj/index.php?r=Flota/GetFlotaByMat
in C:\wamp\www\proj\protected\controllers\FlotaController.php (182)
in C:\wamp\www\proj\index.php (13)
2013/03/08 18:45:39 [error] [php] Undefined variable: flotaid (C:\wamp\www\proj\protected\controllers\FlotaController.php:182)
Stack trace:
#0 C:\Yii\framework\web\filters\CFilterChain.php(133): FlotaController->runAction()
#1 C:\Yii\framework\web\CController.php(291): CFilterChain->run()
#2 C:\Yii\framework\web\CController.php(265): FlotaController->runActionWithFilters()
#3 C:\Yii\framework\web\CWebApplication.php(282): FlotaController->run()
#4 C:\Yii\framework\web\CWebApplication.php(141): CWebApplication->runController()
#5 C:\Yii\framework\base\CApplication.php(169): CWebApplication->processRequest()
#6 C:\wamp\www\proj\index.php(13): CWebApplication->run()
REQUEST_URI=/proj/index.php?r=Flota/GetFlotaByMat
in C:\wamp\www\proj\protected\controllers\FlotaController.php (182)
in C:\wamp\www\proj\index.php (13)
2013/03/08 18:45:48 [error] [php] Undefined variable: flotaid (C:\wamp\www\proj\protected\controllers\FlotaController.php:182)
Stack trace:
#0 C:\Yii\framework\web\filters\CFilterChain.php(133): FlotaController->runAction()
#1 C:\Yii\framework\web\CController.php(291): CFilterChain->run()
#2 C:\Yii\framework\web\CController.php(265): FlotaController->runActionWithFilters()
#3 C:\Yii\framework\web\CWebApplication.php(282): FlotaController->run()
#4 C:\Yii\framework\web\CWebApplication.php(141): CWebApplication->runController()
#5 C:\Yii\framework\base\CApplication.php(169): CWebApplication->processRequest()
#6 C:\wamp\www\proj\index.php(13): CWebApplication->run()
REQUEST_URI=/proj/index.php?r=Flota/GetFlotaByMat
in C:\wamp\www\proj\protected\controllers\FlotaController.php (182)
in C:\wamp\www\proj\index.php (13)
2013/03/08 18:46:21 [error] [php] Undefined variable: flotaid (C:\wamp\www\proj\protected\controllers\FlotaController.php:182)
Stack trace:
#0 C:\Yii\framework\web\filters\CFilterChain.php(133): FlotaController->runAction()
#1 C:\Yii\framework\web\CController.php(291): CFilterChain->run()
#2 C:\Yii\framework\web\CController.php(265): FlotaController->runActionWithFilters()
#3 C:\Yii\framework\web\CWebApplication.php(282): FlotaController->run()
#4 C:\Yii\framework\web\CWebApplication.php(141): CWebApplication->runController()
#5 C:\Yii\framework\base\CApplication.php(169): CWebApplication->processRequest()
#6 C:\wamp\www\proj\index.php(13): CWebApplication->run()
REQUEST_URI=/proj/index.php?r=Flota/GetFlotaByMat
in C:\wamp\www\proj\protected\controllers\FlotaController.php (182)
in C:\wamp\www\proj\index.php (13)
2013/03/08 18:46:54 [error] [php] Undefined variable: flotaid (C:\wamp\www\proj\protected\controllers\FlotaController.php:182)
Stack trace:
#0 C:\Yii\framework\web\filters\CFilterChain.php(133): FlotaController->runAction()
#1 C:\Yii\framework\web\CController.php(291): CFilterChain->run()
#2 C:\Yii\framework\web\CController.php(265): FlotaController->runActionWithFilters()
#3 C:\Yii\framework\web\CWebApplication.php(282): FlotaController->run()
#4 C:\Yii\framework\web\CWebApplication.php(141): CWebApplication->runController()
#5 C:\Yii\framework\base\CApplication.php(169): CWebApplication->processRequest()
#6 C:\wamp\www\proj\index.php(13): CWebApplication->run()
REQUEST_URI=/proj/index.php?r=Flota/GetFlotaByMat
in C:\wamp\www\proj\protected\controllers\FlotaController.php (182)
in C:\wamp\www\proj\index.php (13)
2013/03/08 19:00:57 [error] [php] Undefined variable: flotaid (C:\wamp\www\proj\protected\controllers\FlotaController.php:182)
Stack trace:
#0 C:\Yii\framework\web\filters\CFilterChain.php(133): FlotaController->runAction()
#1 C:\Yii\framework\web\CController.php(291): CFilterChain->run()
#2 C:\Yii\framework\web\CController.php(265): FlotaController->runActionWithFilters()
#3 C:\Yii\framework\web\CWebApplication.php(282): FlotaController->run()
#4 C:\Yii\framework\web\CWebApplication.php(141): CWebApplication->runController()
#5 C:\Yii\framework\base\CApplication.php(169): CWebApplication->processRequest()
#6 C:\wamp\www\proj\index.php(13): CWebApplication->run()
REQUEST_URI=/proj/index.php?r=Flota/GetFlotaByMat
in C:\wamp\www\proj\protected\controllers\FlotaController.php (182)
in C:\wamp\www\proj\index.php (13)
2013/03/08 19:14:24 [error] [php] Undefined variable: flotaid (C:\wamp\www\proj\protected\controllers\FlotaController.php:182)
Stack trace:
#0 C:\Yii\framework\web\filters\CFilterChain.php(133): FlotaController->runAction()
#1 C:\Yii\framework\web\CController.php(291): CFilterChain->run()
#2 C:\Yii\framework\web\CController.php(265): FlotaController->runActionWithFilters()
#3 C:\Yii\framework\web\CWebApplication.php(282): FlotaController->run()
#4 C:\Yii\framework\web\CWebApplication.php(141): CWebApplication->runController()
#5 C:\Yii\framework\base\CApplication.php(169): CWebApplication->processRequest()
#6 C:\wamp\www\proj\index.php(13): CWebApplication->run()
REQUEST_URI=/proj/index.php?r=Flota/GetFlotaByMat
in C:\wamp\www\proj\protected\controllers\FlotaController.php (182)
in C:\wamp\www\proj\index.php (13)
2013/03/08 19:14:37 [error] [php] Undefined variable: flotaid (C:\wamp\www\proj\protected\controllers\FlotaController.php:182)
Stack trace:
#0 C:\Yii\framework\web\filters\CFilterChain.php(133): FlotaController->runAction()
#1 C:\Yii\framework\web\CController.php(291): CFilterChain->run()
#2 C:\Yii\framework\web\CController.php(265): FlotaController->runActionWithFilters()
#3 C:\Yii\framework\web\CWebApplication.php(282): FlotaController->run()
#4 C:\Yii\framework\web\CWebApplication.php(141): CWebApplication->runController()
#5 C:\Yii\framework\base\CApplication.php(169): CWebApplication->processRequest()
#6 C:\wamp\www\proj\index.php(13): CWebApplication->run()
REQUEST_URI=/proj/index.php?r=Flota/GetFlotaByMat
in C:\wamp\www\proj\protected\controllers\FlotaController.php (182)
in C:\wamp\www\proj\index.php (13)
2013/03/08 19:14:50 [error] [php] Undefined variable: flotaid (C:\wamp\www\proj\protected\controllers\FlotaController.php:182)
Stack trace:
#0 C:\Yii\framework\web\filters\CFilterChain.php(133): FlotaController->runAction()
#1 C:\Yii\framework\web\CController.php(291): CFilterChain->run()
#2 C:\Yii\framework\web\CController.php(265): FlotaController->runActionWithFilters()
#3 C:\Yii\framework\web\CWebApplication.php(282): FlotaController->run()
#4 C:\Yii\framework\web\CWebApplication.php(141): CWebApplication->runController()
#5 C:\Yii\framework\base\CApplication.php(169): CWebApplication->processRequest()
#6 C:\wamp\www\proj\index.php(13): CWebApplication->run()
REQUEST_URI=/proj/index.php?r=Flota/GetFlotaByMat
in C:\wamp\www\proj\protected\controllers\FlotaController.php (182)
in C:\wamp\www\proj\index.php (13)
2013/03/08 19:15:28 [error] [php] Undefined variable: flotaid (C:\wamp\www\proj\protected\controllers\FlotaController.php:182)
Stack trace:
#0 C:\Yii\framework\web\filters\CFilterChain.php(133): FlotaController->runAction()
#1 C:\Yii\framework\web\CController.php(291): CFilterChain->run()
#2 C:\Yii\framework\web\CController.php(265): FlotaController->runActionWithFilters()
#3 C:\Yii\framework\web\CWebApplication.php(282): FlotaController->run()
#4 C:\Yii\framework\web\CWebApplication.php(141): CWebApplication->runController()
#5 C:\Yii\framework\base\CApplication.php(169): CWebApplication->processRequest()
#6 C:\wamp\www\proj\index.php(13): CWebApplication->run()
REQUEST_URI=/proj/index.php?r=Flota/GetFlotaByMat
in C:\wamp\www\proj\protected\controllers\FlotaController.php (182)
in C:\wamp\www\proj\index.php (13)
2013/03/08 19:15:34 [error] [php] Undefined index: ot (C:\wamp\www\proj\protected\controllers\TrabajoController.php:479)
Stack trace:
#0 C:\Yii\framework\web\filters\CFilterChain.php(133): TrabajoController->runAction()
#1 C:\Yii\framework\web\CController.php(291): CFilterChain->run()
#2 C:\Yii\framework\web\CController.php(265): TrabajoController->runActionWithFilters()
#3 C:\Yii\framework\web\CWebApplication.php(282): TrabajoController->run()
#4 C:\Yii\framework\web\CWebApplication.php(141): CWebApplication->runController()
#5 C:\Yii\framework\base\CApplication.php(169): CWebApplication->processRequest()
#6 C:\wamp\www\proj\index.php(13): CWebApplication->run()
REQUEST_URI=/proj/index.php?r=trabajo/searchOT
in C:\wamp\www\proj\protected\controllers\TrabajoController.php (479)
in C:\wamp\www\proj\index.php (13)
2013/03/08 19:24:14 [error] [php] Undefined variable: flotaid (C:\wamp\www\proj\protected\controllers\FlotaController.php:182)
Stack trace:
#0 C:\Yii\framework\web\filters\CFilterChain.php(133): FlotaController->runAction()
#1 C:\Yii\framework\web\CController.php(291): CFilterChain->run()
#2 C:\Yii\framework\web\CController.php(265): FlotaController->runActionWithFilters()
#3 C:\Yii\framework\web\CWebApplication.php(282): FlotaController->run()
#4 C:\Yii\framework\web\CWebApplication.php(141): CWebApplication->runController()
#5 C:\Yii\framework\base\CApplication.php(169): CWebApplication->processRequest()
#6 C:\wamp\www\proj\index.php(13): CWebApplication->run()
REQUEST_URI=/proj/index.php?r=Flota/GetFlotaByMat
in C:\wamp\www\proj\protected\controllers\FlotaController.php (182)
in C:\wamp\www\proj\index.php (13)
2013/03/08 19:24:18 [error] [php] Undefined index: trabajo-form (C:\wamp\www\proj\protected\controllers\TrabajoController.php:480)
Stack trace:
#0 C:\Yii\framework\web\filters\CFilterChain.php(133): TrabajoController->runAction()
#1 C:\Yii\framework\web\CController.php(291): CFilterChain->run()
#2 C:\Yii\framework\web\CController.php(265): TrabajoController->runActionWithFilters()
#3 C:\Yii\framework\web\CWebApplication.php(282): TrabajoController->run()
#4 C:\Yii\framework\web\CWebApplication.php(141): CWebApplication->runController()
#5 C:\Yii\framework\base\CApplication.php(169): CWebApplication->processRequest()
#6 C:\wamp\www\proj\index.php(13): CWebApplication->run()
REQUEST_URI=/proj/index.php?r=trabajo/searchOT
in C:\wamp\www\proj\protected\controllers\TrabajoController.php (480)
in C:\wamp\www\proj\index.php (13)
2013/03/08 19:24:55 [error] [php] Undefined variable: flotaid (C:\wamp\www\proj\protected\controllers\FlotaController.php:182)
Stack trace:
#0 C:\Yii\framework\web\filters\CFilterChain.php(133): FlotaController->runAction()
#1 C:\Yii\framework\web\CController.php(291): CFilterChain->run()
#2 C:\Yii\framework\web\CController.php(265): FlotaController->runActionWithFilters()
#3 C:\Yii\framework\web\CWebApplication.php(282): FlotaController->run()
#4 C:\Yii\framework\web\CWebApplication.php(141): CWebApplication->runController()
#5 C:\Yii\framework\base\CApplication.php(169): CWebApplication->processRequest()
#6 C:\wamp\www\proj\index.php(13): CWebApplication->run()
REQUEST_URI=/proj/index.php?r=Flota/GetFlotaByMat
in C:\wamp\www\proj\protected\controllers\FlotaController.php (182)
in C:\wamp\www\proj\index.php (13)
2013/03/08 19:25:27 [error] [php] Undefined variable: flotaid (C:\wamp\www\proj\protected\controllers\FlotaController.php:182)
Stack trace:
#0 C:\Yii\framework\web\filters\CFilterChain.php(133): FlotaController->runAction()
#1 C:\Yii\framework\web\CController.php(291): CFilterChain->run()
#2 C:\Yii\framework\web\CController.php(265): FlotaController->runActionWithFilters()
#3 C:\Yii\framework\web\CWebApplication.php(282): FlotaController->run()
#4 C:\Yii\framework\web\CWebApplication.php(141): CWebApplication->runController()
#5 C:\Yii\framework\base\CApplication.php(169): CWebApplication->processRequest()
#6 C:\wamp\www\proj\index.php(13): CWebApplication->run()
REQUEST_URI=/proj/index.php?r=Flota/GetFlotaByMat
in C:\wamp\www\proj\protected\controllers\FlotaController.php (182)
in C:\wamp\www\proj\index.php (13)
2013/03/08 19:28:20 [error] [php] Undefined variable: flotaid (C:\wamp\www\proj\protected\controllers\FlotaController.php:182)
Stack trace:
#0 C:\Yii\framework\web\filters\CFilterChain.php(133): FlotaController->runAction()
#1 C:\Yii\framework\web\CController.php(291): CFilterChain->run()
#2 C:\Yii\framework\web\CController.php(265): FlotaController->runActionWithFilters()
#3 C:\Yii\framework\web\CWebApplication.php(282): FlotaController->run()
#4 C:\Yii\framework\web\CWebApplication.php(141): CWebApplication->runController()
#5 C:\Yii\framework\base\CApplication.php(169): CWebApplication->processRequest()
#6 C:\wamp\www\proj\index.php(13): CWebApplication->run()
REQUEST_URI=/proj/index.php?r=Flota/GetFlotaByMat
in C:\wamp\www\proj\protected\controllers\FlotaController.php (182)
in C:\wamp\www\proj\index.php (13)
2013/03/08 19:29:24 [error] [php] Undefined variable: flotaid (C:\wamp\www\proj\protected\controllers\FlotaController.php:182)
Stack trace:
#0 C:\Yii\framework\web\filters\CFilterChain.php(133): FlotaController->runAction()
#1 C:\Yii\framework\web\CController.php(291): CFilterChain->run()
#2 C:\Yii\framework\web\CController.php(265): FlotaController->runActionWithFilters()
#3 C:\Yii\framework\web\CWebApplication.php(282): FlotaController->run()
#4 C:\Yii\framework\web\CWebApplication.php(141): CWebApplication->runController()
#5 C:\Yii\framework\base\CApplication.php(169): CWebApplication->processRequest()
#6 C:\wamp\www\proj\index.php(13): CWebApplication->run()
REQUEST_URI=/proj/index.php?r=Flota/GetFlotaByMat
in C:\wamp\www\proj\protected\controllers\FlotaController.php (182)
in C:\wamp\www\proj\index.php (13)
2013/03/08 19:29:56 [error] [php] Undefined variable: flotaid (C:\wamp\www\proj\protected\controllers\FlotaController.php:182)
Stack trace:
#0 C:\Yii\framework\web\filters\CFilterChain.php(133): FlotaController->runAction()
#1 C:\Yii\framework\web\CController.php(291): CFilterChain->run()
#2 C:\Yii\framework\web\CController.php(265): FlotaController->runActionWithFilters()
#3 C:\Yii\framework\web\CWebApplication.php(282): FlotaController->run()
#4 C:\Yii\framework\web\CWebApplication.php(141): CWebApplication->runController()
#5 C:\Yii\framework\base\CApplication.php(169): CWebApplication->processRequest()
#6 C:\wamp\www\proj\index.php(13): CWebApplication->run()
REQUEST_URI=/proj/index.php?r=Flota/GetFlotaByMat
in C:\wamp\www\proj\protected\controllers\FlotaController.php (182)
in C:\wamp\www\proj\index.php (13)
2013/03/08 19:30:27 [error] [php] Undefined variable: flotaid (C:\wamp\www\proj\protected\controllers\FlotaController.php:182)
Stack trace:
#0 C:\Yii\framework\web\filters\CFilterChain.php(133): FlotaController->runAction()
#1 C:\Yii\framework\web\CController.php(291): CFilterChain->run()
#2 C:\Yii\framework\web\CController.php(265): FlotaController->runActionWithFilters()
#3 C:\Yii\framework\web\CWebApplication.php(282): FlotaController->run()
#4 C:\Yii\framework\web\CWebApplication.php(141): CWebApplication->runController()
#5 C:\Yii\framework\base\CApplication.php(169): CWebApplication->processRequest()
#6 C:\wamp\www\proj\index.php(13): CWebApplication->run()
REQUEST_URI=/proj/index.php?r=Flota/GetFlotaByMat
in C:\wamp\www\proj\protected\controllers\FlotaController.php (182)
in C:\wamp\www\proj\index.php (13)
2013/03/08 19:30:33 [error] [php] Undefined variable: flotaid (C:\wamp\www\proj\protected\controllers\FlotaController.php:182)
Stack trace:
#0 C:\Yii\framework\web\filters\CFilterChain.php(133): FlotaController->runAction()
#1 C:\Yii\framework\web\CController.php(291): CFilterChain->run()
#2 C:\Yii\framework\web\CController.php(265): FlotaController->runActionWithFilters()
#3 C:\Yii\framework\web\CWebApplication.php(282): FlotaController->run()
#4 C:\Yii\framework\web\CWebApplication.php(141): CWebApplication->runController()
#5 C:\Yii\framework\base\CApplication.php(169): CWebApplication->processRequest()
#6 C:\wamp\www\proj\index.php(13): CWebApplication->run()
REQUEST_URI=/proj/index.php?r=Flota/GetFlotaByMat
in C:\wamp\www\proj\protected\controllers\FlotaController.php (182)
in C:\wamp\www\proj\index.php (13)
2013/03/08 19:31:33 [error] [php] Undefined variable: flotaid (C:\wamp\www\proj\protected\controllers\FlotaController.php:182)
Stack trace:
#0 C:\Yii\framework\web\filters\CFilterChain.php(133): FlotaController->runAction()
#1 C:\Yii\framework\web\CController.php(291): CFilterChain->run()
#2 C:\Yii\framework\web\CController.php(265): FlotaController->runActionWithFilters()
#3 C:\Yii\framework\web\CWebApplication.php(282): FlotaController->run()
#4 C:\Yii\framework\web\CWebApplication.php(141): CWebApplication->runController()
#5 C:\Yii\framework\base\CApplication.php(169): CWebApplication->processRequest()
#6 C:\wamp\www\proj\index.php(13): CWebApplication->run()
REQUEST_URI=/proj/index.php?r=Flota/GetFlotaByMat
in C:\wamp\www\proj\protected\controllers\FlotaController.php (182)
in C:\wamp\www\proj\index.php (13)
2013/03/08 19:31:59 [error] [php] Undefined variable: flotaid (C:\wamp\www\proj\protected\controllers\FlotaController.php:182)
Stack trace:
#0 C:\Yii\framework\web\filters\CFilterChain.php(133): FlotaController->runAction()
#1 C:\Yii\framework\web\CController.php(291): CFilterChain->run()
#2 C:\Yii\framework\web\CController.php(265): FlotaController->runActionWithFilters()
#3 C:\Yii\framework\web\CWebApplication.php(282): FlotaController->run()
#4 C:\Yii\framework\web\CWebApplication.php(141): CWebApplication->runController()
#5 C:\Yii\framework\base\CApplication.php(169): CWebApplication->processRequest()
#6 C:\wamp\www\proj\index.php(13): CWebApplication->run()
REQUEST_URI=/proj/index.php?r=Flota/GetFlotaByMat
in C:\wamp\www\proj\protected\controllers\FlotaController.php (182)
in C:\wamp\www\proj\index.php (13)
2013/03/08 19:32:26 [error] [php] Undefined variable: flotaid (C:\wamp\www\proj\protected\controllers\FlotaController.php:182)
Stack trace:
#0 C:\Yii\framework\web\filters\CFilterChain.php(133): FlotaController->runAction()
#1 C:\Yii\framework\web\CController.php(291): CFilterChain->run()
#2 C:\Yii\framework\web\CController.php(265): FlotaController->runActionWithFilters()
#3 C:\Yii\framework\web\CWebApplication.php(282): FlotaController->run()
#4 C:\Yii\framework\web\CWebApplication.php(141): CWebApplication->runController()
#5 C:\Yii\framework\base\CApplication.php(169): CWebApplication->processRequest()
#6 C:\wamp\www\proj\index.php(13): CWebApplication->run()
REQUEST_URI=/proj/index.php?r=Flota/GetFlotaByMat
in C:\wamp\www\proj\protected\controllers\FlotaController.php (182)
in C:\wamp\www\proj\index.php (13)
2013/03/08 19:32:51 [error] [php] Undefined variable: flotaid (C:\wamp\www\proj\protected\controllers\FlotaController.php:182)
Stack trace:
#0 C:\Yii\framework\web\filters\CFilterChain.php(133): FlotaController->runAction()
#1 C:\Yii\framework\web\CController.php(291): CFilterChain->run()
#2 C:\Yii\framework\web\CController.php(265): FlotaController->runActionWithFilters()
#3 C:\Yii\framework\web\CWebApplication.php(282): FlotaController->run()
#4 C:\Yii\framework\web\CWebApplication.php(141): CWebApplication->runController()
#5 C:\Yii\framework\base\CApplication.php(169): CWebApplication->processRequest()
#6 C:\wamp\www\proj\index.php(13): CWebApplication->run()
REQUEST_URI=/proj/index.php?r=Flota/GetFlotaByMat
in C:\wamp\www\proj\protected\controllers\FlotaController.php (182)
in C:\wamp\www\proj\index.php (13)
2013/03/08 19:32:52 [error] [php] Undefined variable: dataTemp (C:\wamp\www\proj\protected\controllers\TrabajoController.php:487)
Stack trace:
#0 C:\Yii\framework\web\filters\CFilterChain.php(133): TrabajoController->runAction()
#1 C:\Yii\framework\web\CController.php(291): CFilterChain->run()
#2 C:\Yii\framework\web\CController.php(265): TrabajoController->runActionWithFilters()
#3 C:\Yii\framework\web\CWebApplication.php(282): TrabajoController->run()
#4 C:\Yii\framework\web\CWebApplication.php(141): CWebApplication->runController()
#5 C:\Yii\framework\base\CApplication.php(169): CWebApplication->processRequest()
#6 C:\wamp\www\proj\index.php(13): CWebApplication->run()
REQUEST_URI=/proj/index.php?r=trabajo/searchOT
in C:\wamp\www\proj\protected\controllers\TrabajoController.php (487)
in C:\wamp\www\proj\index.php (13)
2013/03/08 19:33:33 [error] [php] Undefined variable: flotaid (C:\wamp\www\proj\protected\controllers\FlotaController.php:182)
Stack trace:
#0 C:\Yii\framework\web\filters\CFilterChain.php(133): FlotaController->runAction()
#1 C:\Yii\framework\web\CController.php(291): CFilterChain->run()
#2 C:\Yii\framework\web\CController.php(265): FlotaController->runActionWithFilters()
#3 C:\Yii\framework\web\CWebApplication.php(282): FlotaController->run()
#4 C:\Yii\framework\web\CWebApplication.php(141): CWebApplication->runController()
#5 C:\Yii\framework\base\CApplication.php(169): CWebApplication->processRequest()
#6 C:\wamp\www\proj\index.php(13): CWebApplication->run()
REQUEST_URI=/proj/index.php?r=Flota/GetFlotaByMat
in C:\wamp\www\proj\protected\controllers\FlotaController.php (182)
in C:\wamp\www\proj\index.php (13)
2013/03/08 19:34:13 [error] [php] Undefined variable: flotaid (C:\wamp\www\proj\protected\controllers\FlotaController.php:182)
Stack trace:
#0 C:\Yii\framework\web\filters\CFilterChain.php(133): FlotaController->runAction()
#1 C:\Yii\framework\web\CController.php(291): CFilterChain->run()
#2 C:\Yii\framework\web\CController.php(265): FlotaController->runActionWithFilters()
#3 C:\Yii\framework\web\CWebApplication.php(282): FlotaController->run()
#4 C:\Yii\framework\web\CWebApplication.php(141): CWebApplication->runController()
#5 C:\Yii\framework\base\CApplication.php(169): CWebApplication->processRequest()
#6 C:\wamp\www\proj\index.php(13): CWebApplication->run()
REQUEST_URI=/proj/index.php?r=Flota/GetFlotaByMat
in C:\wamp\www\proj\protected\controllers\FlotaController.php (182)
in C:\wamp\www\proj\index.php (13)
2013/03/08 19:35:04 [error] [php] Undefined variable: flotaid (C:\wamp\www\proj\protected\controllers\FlotaController.php:182)
Stack trace:
#0 C:\Yii\framework\web\filters\CFilterChain.php(133): FlotaController->runAction()
#1 C:\Yii\framework\web\CController.php(291): CFilterChain->run()
#2 C:\Yii\framework\web\CController.php(265): FlotaController->runActionWithFilters()
#3 C:\Yii\framework\web\CWebApplication.php(282): FlotaController->run()
#4 C:\Yii\framework\web\CWebApplication.php(141): CWebApplication->runController()
#5 C:\Yii\framework\base\CApplication.php(169): CWebApplication->processRequest()
#6 C:\wamp\www\proj\index.php(13): CWebApplication->run()
REQUEST_URI=/proj/index.php?r=Flota/GetFlotaByMat
in C:\wamp\www\proj\protected\controllers\FlotaController.php (182)
in C:\wamp\www\proj\index.php (13)
2013/03/08 19:35:21 [error] [php] Undefined variable: flotaid (C:\wamp\www\proj\protected\controllers\FlotaController.php:182)
Stack trace:
#0 C:\Yii\framework\web\filters\CFilterChain.php(133): FlotaController->runAction()
#1 C:\Yii\framework\web\CController.php(291): CFilterChain->run()
#2 C:\Yii\framework\web\CController.php(265): FlotaController->runActionWithFilters()
#3 C:\Yii\framework\web\CWebApplication.php(282): FlotaController->run()
#4 C:\Yii\framework\web\CWebApplication.php(141): CWebApplication->runController()
#5 C:\Yii\framework\base\CApplication.php(169): CWebApplication->processRequest()
#6 C:\wamp\www\proj\index.php(13): CWebApplication->run()
REQUEST_URI=/proj/index.php?r=Flota/GetFlotaByMat
in C:\wamp\www\proj\protected\controllers\FlotaController.php (182)
in C:\wamp\www\proj\index.php (13)
2013/03/08 19:36:00 [error] [php] Undefined variable: flotaid (C:\wamp\www\proj\protected\controllers\FlotaController.php:182)
Stack trace:
#0 C:\Yii\framework\web\filters\CFilterChain.php(133): FlotaController->runAction()
#1 C:\Yii\framework\web\CController.php(291): CFilterChain->run()
#2 C:\Yii\framework\web\CController.php(265): FlotaController->runActionWithFilters()
#3 C:\Yii\framework\web\CWebApplication.php(282): FlotaController->run()
#4 C:\Yii\framework\web\CWebApplication.php(141): CWebApplication->runController()
#5 C:\Yii\framework\base\CApplication.php(169): CWebApplication->processRequest()
#6 C:\wamp\www\proj\index.php(13): CWebApplication->run()
REQUEST_URI=/proj/index.php?r=Flota/GetFlotaByMat
in C:\wamp\www\proj\protected\controllers\FlotaController.php (182)
in C:\wamp\www\proj\index.php (13)
2013/03/08 19:36:17 [error] [php] Undefined variable: flotaid (C:\wamp\www\proj\protected\controllers\FlotaController.php:182)
Stack trace:
#0 C:\Yii\framework\web\filters\CFilterChain.php(133): FlotaController->runAction()
#1 C:\Yii\framework\web\CController.php(291): CFilterChain->run()
#2 C:\Yii\framework\web\CController.php(265): FlotaController->runActionWithFilters()
#3 C:\Yii\framework\web\CWebApplication.php(282): FlotaController->run()
#4 C:\Yii\framework\web\CWebApplication.php(141): CWebApplication->runController()
#5 C:\Yii\framework\base\CApplication.php(169): CWebApplication->processRequest()
#6 C:\wamp\www\proj\index.php(13): CWebApplication->run()
REQUEST_URI=/proj/index.php?r=Flota/GetFlotaByMat
in C:\wamp\www\proj\protected\controllers\FlotaController.php (182)
in C:\wamp\www\proj\index.php (13)
2013/03/08 19:36:38 [error] [php] Undefined variable: flotaid (C:\wamp\www\proj\protected\controllers\FlotaController.php:182)
Stack trace:
#0 C:\Yii\framework\web\filters\CFilterChain.php(133): FlotaController->runAction()
#1 C:\Yii\framework\web\CController.php(291): CFilterChain->run()
#2 C:\Yii\framework\web\CController.php(265): FlotaController->runActionWithFilters()
#3 C:\Yii\framework\web\CWebApplication.php(282): FlotaController->run()
#4 C:\Yii\framework\web\CWebApplication.php(141): CWebApplication->runController()
#5 C:\Yii\framework\base\CApplication.php(169): CWebApplication->processRequest()
#6 C:\wamp\www\proj\index.php(13): CWebApplication->run()
REQUEST_URI=/proj/index.php?r=Flota/GetFlotaByMat
in C:\wamp\www\proj\protected\controllers\FlotaController.php (182)
in C:\wamp\www\proj\index.php (13)
2013/03/08 19:37:06 [error] [php] Undefined variable: flotaid (C:\wamp\www\proj\protected\controllers\FlotaController.php:182)
Stack trace:
#0 C:\Yii\framework\web\filters\CFilterChain.php(133): FlotaController->runAction()
#1 C:\Yii\framework\web\CController.php(291): CFilterChain->run()
#2 C:\Yii\framework\web\CController.php(265): FlotaController->runActionWithFilters()
#3 C:\Yii\framework\web\CWebApplication.php(282): FlotaController->run()
#4 C:\Yii\framework\web\CWebApplication.php(141): CWebApplication->runController()
#5 C:\Yii\framework\base\CApplication.php(169): CWebApplication->processRequest()
#6 C:\wamp\www\proj\index.php(13): CWebApplication->run()
REQUEST_URI=/proj/index.php?r=Flota/GetFlotaByMat
in C:\wamp\www\proj\protected\controllers\FlotaController.php (182)
in C:\wamp\www\proj\index.php (13)
2013/03/08 19:38:15 [error] [php] Undefined variable: flotaid (C:\wamp\www\proj\protected\controllers\FlotaController.php:182)
Stack trace:
#0 C:\Yii\framework\web\filters\CFilterChain.php(133): FlotaController->runAction()
#1 C:\Yii\framework\web\CController.php(291): CFilterChain->run()
#2 C:\Yii\framework\web\CController.php(265): FlotaController->runActionWithFilters()
#3 C:\Yii\framework\web\CWebApplication.php(282): FlotaController->run()
#4 C:\Yii\framework\web\CWebApplication.php(141): CWebApplication->runController()
#5 C:\Yii\framework\base\CApplication.php(169): CWebApplication->processRequest()
#6 C:\wamp\www\proj\index.php(13): CWebApplication->run()
REQUEST_URI=/proj/index.php?r=Flota/GetFlotaByMat
in C:\wamp\www\proj\protected\controllers\FlotaController.php (182)
in C:\wamp\www\proj\index.php (13)
2013/03/08 19:38:35 [error] [php] Undefined variable: flotaid (C:\wamp\www\proj\protected\controllers\FlotaController.php:182)
Stack trace:
#0 C:\Yii\framework\web\filters\CFilterChain.php(133): FlotaController->runAction()
#1 C:\Yii\framework\web\CController.php(291): CFilterChain->run()
#2 C:\Yii\framework\web\CController.php(265): FlotaController->runActionWithFilters()
#3 C:\Yii\framework\web\CWebApplication.php(282): FlotaController->run()
#4 C:\Yii\framework\web\CWebApplication.php(141): CWebApplication->runController()
#5 C:\Yii\framework\base\CApplication.php(169): CWebApplication->processRequest()
#6 C:\wamp\www\proj\index.php(13): CWebApplication->run()
REQUEST_URI=/proj/index.php?r=Flota/GetFlotaByMat
in C:\wamp\www\proj\protected\controllers\FlotaController.php (182)
in C:\wamp\www\proj\index.php (13)
2013/03/08 19:40:39 [error] [php] Undefined variable: flotaid (C:\wamp\www\proj\protected\controllers\FlotaController.php:182)
Stack trace:
#0 C:\Yii\framework\web\filters\CFilterChain.php(133): FlotaController->runAction()
#1 C:\Yii\framework\web\CController.php(291): CFilterChain->run()
#2 C:\Yii\framework\web\CController.php(265): FlotaController->runActionWithFilters()
#3 C:\Yii\framework\web\CWebApplication.php(282): FlotaController->run()
#4 C:\Yii\framework\web\CWebApplication.php(141): CWebApplication->runController()
#5 C:\Yii\framework\base\CApplication.php(169): CWebApplication->processRequest()
#6 C:\wamp\www\proj\index.php(13): CWebApplication->run()
REQUEST_URI=/proj/index.php?r=Flota/GetFlotaByMat
in C:\wamp\www\proj\protected\controllers\FlotaController.php (182)
in C:\wamp\www\proj\index.php (13)
